<?xml version="1.0" encoding="UTF-8"?>
<!-- Generated by org.testng.reporters.JUnitXMLReporter -->
<testsuite hostname="KD_JAMWAL" name="Chrome" tests="2" failures="0" timestamp="8 Jul 2019 13:50:04 GMT" time="0.086" errors="0">
  <testcase name="@BeforeMethod preCondition" time="0.0" classname="com.indianmoney.test.Healthtest">
    <failure type="java.lang.NullPointerException">
      <![CDATA[java.lang.NullPointerException
	at com.indianmoney.test.Basetest.preCondition(Basetest.java:38)
	at java.util.concurrent.FutureTask.run(FutureTask.java:266)
	at java.util.concurrent.ThreadPoolExecutor.runWorker(ThreadPoolExecutor.java:1142)
	at java.util.concurrent.ThreadPoolExecutor$Worker.run(ThreadPoolExecutor.java:617)
	at java.lang.Thread.run(Thread.java:745)
... Removed 18 stack frames]]>
    </failure>
  </testcase> <!-- @BeforeMethod preCondition -->
  <testcase name="@AfterMethod postConditon" time="0.0" classname="com.indianmoney.test.Healthtest">
    <skipped/>
  </testcase> <!-- @AfterMethod postConditon -->
  <testcase name="@BeforeMethod preCondition" time="0.0" classname="com.indianmoney.test.Termtest">
    <skipped/>
  </testcase> <!-- @BeforeMethod preCondition -->
  <testcase name="@AfterMethod postConditon" time="0.0" classname="com.indianmoney.test.Termtest">
    <skipped/>
  </testcase> <!-- @AfterMethod postConditon -->
  <testcase name="healthdetail" time="0.006" classname="com.indianmoney.test.Healthtest">
    <skipped/>
  </testcase> <!-- healthdetail -->
  <testcase name="termdetail" time="0.004" classname="com.indianmoney.test.Termtest">
    <skipped/>
  </testcase> <!-- termdetail -->
</testsuite> <!-- Chrome -->
