<?xml version="1.0" encoding="UTF-8"?>
<testng-results skipped="0" failed="0" total="2" passed="2">
  <reporter-output>
  </reporter-output>
  <suite name="Suite" duration-ms="121726" started-at="2019-07-04T05:42:34Z" finished-at="2019-07-04T05:44:36Z">
    <groups>
    </groups>
    <test name="Test" duration-ms="121726" started-at="2019-07-04T05:42:34Z" finished-at="2019-07-04T05:44:36Z">
      <class name="com.indianmoney.test.Healthtest">
        <test-method status="PASS" signature="preCondition()[pri:0, instance:com.indianmoney.test.Healthtest@5c3bd550]" name="preCondition" is-config="true" duration-ms="9400" started-at="2019-07-04T11:12:34Z" finished-at="2019-07-04T11:12:44Z">
          <reporter-output>
          </reporter-output>
        </test-method> <!-- preCondition -->
        <test-method status="PASS" signature="healthdetail()[pri:0, instance:com.indianmoney.test.Healthtest@5c3bd550]" name="healthdetail" duration-ms="63385" started-at="2019-07-04T11:12:44Z" finished-at="2019-07-04T11:13:47Z">
          <reporter-output>
          </reporter-output>
        </test-method> <!-- healthdetail -->
        <test-method status="PASS" signature="postConditon()[pri:0, instance:com.indianmoney.test.Healthtest@5c3bd550]" name="postConditon" is-config="true" duration-ms="358" started-at="2019-07-04T11:13:47Z" finished-at="2019-07-04T11:13:48Z">
          <reporter-output>
          </reporter-output>
        </test-method> <!-- postConditon -->
      </class> <!-- com.indianmoney.test.Healthtest -->
      <class name="com.indianmoney.test.Termtest">
        <test-method status="PASS" signature="preCondition()[pri:0, instance:com.indianmoney.test.Termtest@3532ec19]" name="preCondition" is-config="true" duration-ms="7280" started-at="2019-07-04T11:13:48Z" finished-at="2019-07-04T11:13:55Z">
          <reporter-output>
          </reporter-output>
        </test-method> <!-- preCondition -->
        <test-method status="PASS" signature="termdetail()[pri:0, instance:com.indianmoney.test.Termtest@3532ec19]" name="termdetail" duration-ms="40963" started-at="2019-07-04T11:13:55Z" finished-at="2019-07-04T11:14:36Z">
          <reporter-output>
          </reporter-output>
        </test-method> <!-- termdetail -->
        <test-method status="PASS" signature="postConditon()[pri:0, instance:com.indianmoney.test.Termtest@3532ec19]" name="postConditon" is-config="true" duration-ms="317" started-at="2019-07-04T11:14:36Z" finished-at="2019-07-04T11:14:36Z">
          <reporter-output>
          </reporter-output>
        </test-method> <!-- postConditon -->
      </class> <!-- com.indianmoney.test.Termtest -->
    </test> <!-- Test -->
  </suite> <!-- Suite -->
</testng-results>
