<?xml version="1.0" encoding="UTF-8"?>
<testng-results skipped="2" failed="1" total="3" passed="0">
  <reporter-output>
  </reporter-output>
  <suite name="Suite" duration-ms="25312" started-at="2019-07-08T13:50:03Z" finished-at="2019-07-08T13:50:29Z">
    <groups>
    </groups>
    <test name="Chrome" duration-ms="86" started-at="2019-07-08T13:50:03Z" finished-at="2019-07-08T13:50:03Z">
      <class name="com.indianmoney.test.Healthtest">
        <test-method status="FAIL" signature="preCondition(java.lang.String)[pri:0, instance:com.indianmoney.test.Healthtest@5c7fa833]" name="preCondition" is-config="true" duration-ms="0" started-at="2019-07-08T19:20:03Z" finished-at="2019-07-08T19:20:03Z">
          <params>
            <param index="0">
              <value>
                <![CDATA[Chrome]]>
              </value>
            </param>
          </params>
          <exception class="java.lang.NullPointerException">
            <full-stacktrace>
              <![CDATA[java.lang.NullPointerException
	at com.indianmoney.test.Basetest.preCondition(Basetest.java:38)
	at sun.reflect.NativeMethodAccessorImpl.invoke0(Native Method)
	at sun.reflect.NativeMethodAccessorImpl.invoke(NativeMethodAccessorImpl.java:62)
	at sun.reflect.DelegatingMethodAccessorImpl.invoke(DelegatingMethodAccessorImpl.java:43)
	at java.lang.reflect.Method.invoke(Method.java:498)
	at org.testng.internal.MethodInvocationHelper.invokeMethod(MethodInvocationHelper.java:80)
	at org.testng.internal.Invoker.invokeConfigurationMethod(Invoker.java:564)
	at org.testng.internal.Invoker.invokeConfigurations(Invoker.java:213)
	at org.testng.internal.Invoker.invokeMethod(Invoker.java:653)
	at org.testng.internal.Invoker.invokeTestMethod(Invoker.java:901)
	at org.testng.internal.Invoker.invokeTestMethods(Invoker.java:1231)
	at org.testng.internal.TestMethodWorker.invokeTestMethods(TestMethodWorker.java:127)
	at org.testng.internal.TestMethodWorker.run(TestMethodWorker.java:111)
	at org.testng.TestRunner.privateRun(TestRunner.java:767)
	at org.testng.TestRunner.run(TestRunner.java:617)
	at org.testng.SuiteRunner.runTest(SuiteRunner.java:334)
	at org.testng.SuiteRunner.access$000(SuiteRunner.java:37)
	at org.testng.SuiteRunner$SuiteWorker.run(SuiteRunner.java:368)
	at org.testng.internal.thread.ThreadUtil$2.call(ThreadUtil.java:64)
	at java.util.concurrent.FutureTask.run(FutureTask.java:266)
	at java.util.concurrent.ThreadPoolExecutor.runWorker(ThreadPoolExecutor.java:1142)
	at java.util.concurrent.ThreadPoolExecutor$Worker.run(ThreadPoolExecutor.java:617)
	at java.lang.Thread.run(Thread.java:745)
]]>
            </full-stacktrace>
          </exception> <!-- java.lang.NullPointerException -->
          <reporter-output>
          </reporter-output>
        </test-method> <!-- preCondition -->
        <test-method status="SKIP" signature="healthdetail()[pri:0, instance:com.indianmoney.test.Healthtest@5c7fa833]" name="healthdetail" duration-ms="6" started-at="2019-07-08T19:20:03Z" finished-at="2019-07-08T19:20:03Z">
          <reporter-output>
          </reporter-output>
        </test-method> <!-- healthdetail -->
        <test-method status="SKIP" signature="postConditon()[pri:0, instance:com.indianmoney.test.Healthtest@5c7fa833]" name="postConditon" is-config="true" duration-ms="0" started-at="2019-07-08T19:20:03Z" finished-at="2019-07-08T19:20:03Z">
          <reporter-output>
          </reporter-output>
        </test-method> <!-- postConditon -->
      </class> <!-- com.indianmoney.test.Healthtest -->
      <class name="com.indianmoney.test.Termtest">
        <test-method status="SKIP" signature="preCondition(java.lang.String)[pri:0, instance:com.indianmoney.test.Termtest@1d057a39]" name="preCondition" is-config="true" duration-ms="0" started-at="2019-07-08T19:20:03Z" finished-at="2019-07-08T19:20:03Z">
          <reporter-output>
          </reporter-output>
        </test-method> <!-- preCondition -->
        <test-method status="SKIP" signature="termdetail()[pri:0, instance:com.indianmoney.test.Termtest@1d057a39]" name="termdetail" duration-ms="4" started-at="2019-07-08T19:20:03Z" finished-at="2019-07-08T19:20:03Z">
          <reporter-output>
          </reporter-output>
        </test-method> <!-- termdetail -->
        <test-method status="SKIP" signature="postConditon()[pri:0, instance:com.indianmoney.test.Termtest@1d057a39]" name="postConditon" is-config="true" duration-ms="0" started-at="2019-07-08T19:20:03Z" finished-at="2019-07-08T19:20:03Z">
          <reporter-output>
          </reporter-output>
        </test-method> <!-- postConditon -->
      </class> <!-- com.indianmoney.test.Termtest -->
    </test> <!-- Chrome -->
    <test name="Firefox" duration-ms="25312" started-at="2019-07-08T13:50:03Z" finished-at="2019-07-08T13:50:29Z">
      <class name="com.indianmoney.test.Healthtest">
        <test-method status="PASS" signature="preCondition(java.lang.String)[pri:0, instance:com.indianmoney.test.Healthtest@3bfdc050]" name="preCondition" is-config="true" duration-ms="13099" started-at="2019-07-08T19:20:03Z" finished-at="2019-07-08T19:20:16Z">
          <params>
            <param index="0">
              <value>
                <![CDATA[Firefox]]>
              </value>
            </param>
          </params>
          <reporter-output>
          </reporter-output>
        </test-method> <!-- preCondition -->
        <test-method status="FAIL" signature="healthdetail()[pri:0, instance:com.indianmoney.test.Healthtest@3bfdc050]" name="healthdetail" duration-ms="9992" started-at="2019-07-08T19:20:16Z" finished-at="2019-07-08T19:20:26Z">
          <exception class="org.openqa.selenium.ElementNotInteractableException">
            <message>
              <![CDATA[Element <span class="checkmark"> could not be scrolled into view
Build info: version: '3.141.59', revision: 'e82be7d358', time: '2018-11-14T08:17:03'
System info: host: 'KD_JAMWAL', ip: '192.168.43.117', os.name: 'Windows 8.1', os.arch: 'amd64', os.version: '6.3', java.version: '1.8.0_121'
Driver info: org.openqa.selenium.firefox.FirefoxDriver
Capabilities {acceptInsecureCerts: true, browserName: firefox, browserVersion: 67.0.4, javascriptEnabled: true, moz:accessibilityChecks: false, moz:buildID: 20190619235627, moz:geckodriverVersion: 0.24.0, moz:headless: false, moz:processID: 6180, moz:profile: C:\Users\KD\AppData\Local\T..., moz:shutdownTimeout: 60000, moz:useNonSpecCompliantPointerOrigin: false, moz:webdriverClick: true, pageLoadStrategy: normal, platform: WINDOWS, platformName: WINDOWS, platformVersion: 6.3, rotatable: false, setWindowRect: true, strictFileInteractability: false, timeouts: {implicit: 0, pageLoad: 300000, script: 30000}, unhandledPromptBehavior: dismiss and notify}
Session ID: c70322a9-27f3-4e7c-935f-9f7fd11d6ea0]]>
            </message>
            <full-stacktrace>
              <![CDATA[org.openqa.selenium.ElementNotInteractableException: Element <span class="checkmark"> could not be scrolled into view
Build info: version: '3.141.59', revision: 'e82be7d358', time: '2018-11-14T08:17:03'
System info: host: 'KD_JAMWAL', ip: '192.168.43.117', os.name: 'Windows 8.1', os.arch: 'amd64', os.version: '6.3', java.version: '1.8.0_121'
Driver info: org.openqa.selenium.firefox.FirefoxDriver
Capabilities {acceptInsecureCerts: true, browserName: firefox, browserVersion: 67.0.4, javascriptEnabled: true, moz:accessibilityChecks: false, moz:buildID: 20190619235627, moz:geckodriverVersion: 0.24.0, moz:headless: false, moz:processID: 6180, moz:profile: C:\Users\KD\AppData\Local\T..., moz:shutdownTimeout: 60000, moz:useNonSpecCompliantPointerOrigin: false, moz:webdriverClick: true, pageLoadStrategy: normal, platform: WINDOWS, platformName: WINDOWS, platformVersion: 6.3, rotatable: false, setWindowRect: true, strictFileInteractability: false, timeouts: {implicit: 0, pageLoad: 300000, script: 30000}, unhandledPromptBehavior: dismiss and notify}
Session ID: c70322a9-27f3-4e7c-935f-9f7fd11d6ea0
	at sun.reflect.NativeConstructorAccessorImpl.newInstance0(Native Method)
	at sun.reflect.NativeConstructorAccessorImpl.newInstance(NativeConstructorAccessorImpl.java:62)
	at sun.reflect.DelegatingConstructorAccessorImpl.newInstance(DelegatingConstructorAccessorImpl.java:45)
	at java.lang.reflect.Constructor.newInstance(Constructor.java:423)
	at org.openqa.selenium.remote.http.W3CHttpResponseCodec.createException(W3CHttpResponseCodec.java:187)
	at org.openqa.selenium.remote.http.W3CHttpResponseCodec.decode(W3CHttpResponseCodec.java:122)
	at org.openqa.selenium.remote.http.W3CHttpResponseCodec.decode(W3CHttpResponseCodec.java:49)
	at org.openqa.selenium.remote.HttpCommandExecutor.execute(HttpCommandExecutor.java:158)
	at org.openqa.selenium.remote.service.DriverCommandExecutor.execute(DriverCommandExecutor.java:83)
	at org.openqa.selenium.remote.RemoteWebDriver.execute(RemoteWebDriver.java:552)
	at org.openqa.selenium.remote.RemoteWebElement.execute(RemoteWebElement.java:285)
	at org.openqa.selenium.remote.RemoteWebElement.click(RemoteWebElement.java:84)
	at sun.reflect.NativeMethodAccessorImpl.invoke0(Native Method)
	at sun.reflect.NativeMethodAccessorImpl.invoke(NativeMethodAccessorImpl.java:62)
	at sun.reflect.DelegatingMethodAccessorImpl.invoke(DelegatingMethodAccessorImpl.java:43)
	at java.lang.reflect.Method.invoke(Method.java:498)
	at org.openqa.selenium.support.pagefactory.internal.LocatingElementHandler.invoke(LocatingElementHandler.java:51)
	at com.sun.proxy.$Proxy10.click(Unknown Source)
	at com.indianmoney.pages.Healthpage.selectsecurer(Healthpage.java:72)
	at com.indianmoney.test.Healthtest.healthdetail(Healthtest.java:24)
	at sun.reflect.NativeMethodAccessorImpl.invoke0(Native Method)
	at sun.reflect.NativeMethodAccessorImpl.invoke(NativeMethodAccessorImpl.java:62)
	at sun.reflect.DelegatingMethodAccessorImpl.invoke(DelegatingMethodAccessorImpl.java:43)
	at java.lang.reflect.Method.invoke(Method.java:498)
	at org.testng.internal.MethodInvocationHelper.invokeMethod(MethodInvocationHelper.java:80)
	at org.testng.internal.Invoker.invokeMethod(Invoker.java:714)
	at org.testng.internal.Invoker.invokeTestMethod(Invoker.java:901)
	at org.testng.internal.Invoker.invokeTestMethods(Invoker.java:1231)
	at org.testng.internal.TestMethodWorker.invokeTestMethods(TestMethodWorker.java:127)
	at org.testng.internal.TestMethodWorker.run(TestMethodWorker.java:111)
	at org.testng.TestRunner.privateRun(TestRunner.java:767)
	at org.testng.TestRunner.run(TestRunner.java:617)
	at org.testng.SuiteRunner.runTest(SuiteRunner.java:334)
	at org.testng.SuiteRunner.access$000(SuiteRunner.java:37)
	at org.testng.SuiteRunner$SuiteWorker.run(SuiteRunner.java:368)
	at org.testng.internal.thread.ThreadUtil$2.call(ThreadUtil.java:64)
	at java.util.concurrent.FutureTask.run(FutureTask.java:266)
	at java.util.concurrent.ThreadPoolExecutor.runWorker(ThreadPoolExecutor.java:1142)
	at java.util.concurrent.ThreadPoolExecutor$Worker.run(ThreadPoolExecutor.java:617)
	at java.lang.Thread.run(Thread.java:745)
]]>
            </full-stacktrace>
          </exception> <!-- org.openqa.selenium.ElementNotInteractableException -->
          <reporter-output>
          </reporter-output>
        </test-method> <!-- healthdetail -->
        <test-method status="PASS" signature="postConditon()[pri:0, instance:com.indianmoney.test.Healthtest@3bfdc050]" name="postConditon" is-config="true" duration-ms="1927" started-at="2019-07-08T19:20:27Z" finished-at="2019-07-08T19:20:29Z">
          <reporter-output>
          </reporter-output>
        </test-method> <!-- postConditon -->
      </class> <!-- com.indianmoney.test.Healthtest -->
    </test> <!-- Firefox -->
  </suite> <!-- Suite -->
</testng-results>
